           1
          99
  
  0.1000000000000E+00   0.1699613974182E-93
  0.1250576960000E+00   0.2779181285220E-33
  0.1563942733000E+00   0.4408958725343E-30
  0.1955830748000E+00   0.2935295389604E-27
  0.2445916871000E+00   0.1027585009359E-24
  0.3058807285000E+00   0.1614672595279E-22
  0.3825273915000E+00   0.3428097568500E-21
  0.4783799423000E+00   0.1890596702422E-20
  0.5982509339000E+00   0.5831054847854E-20
  0.7481588342000E+00   0.1037824942569E-19
  0.9356302004000E+00   0.2035905082197E-19
  0.1170077572000E+01   0.2978050312610E-19
  0.1463272052000E+01   0.4019029128557E-19
  0.1829934315000E+01   0.4276140706295E-19
  0.2288473692000E+01   0.3011535509081E-19
  0.2861912473000E+01   0.2285272546387E-19
  0.3579041800000E+01   0.1625213368782E-19
  0.4475867213000E+01   0.9888071777525E-20
  0.5597416412000E+01   0.7415748221730E-20
  0.7000000000000E+01   0.5970137037002E-20
  0.7180503189000E+01   0.5705473699052E-20
  0.7365660863000E+01   0.5462874930967E-20
  0.7555593045000E+01   0.5316784883705E-20
  0.7750422850000E+01   0.5183008252764E-20
  0.7950276569000E+01   0.5152175539691E-20
  0.8155283751000E+01   0.5221003764104E-20
  0.8365577282000E+01   0.5300839681786E-20
  0.8581293478000E+01   0.5410450272456E-20
  0.8802572169000E+01   0.5530502276646E-20
  0.9029556789000E+01   0.5650761906190E-20
  0.9262394474000E+01   0.5761946156695E-20
  0.9501236151000E+01   0.5878418541194E-20
  0.9746236639000E+01   0.5807332161219E-20
  0.9997554752000E+01   0.5666794945187E-20
  0.1025535340000E+02   0.5520186346178E-20
  0.1051979968000E+02   0.5302724214670E-20
  0.1079106502000E+02   0.5090437808535E-20
  0.1106932526000E+02   0.4867586570474E-20
  0.1135476076000E+02   0.4636058199198E-20
  0.1164755654000E+02   0.4409965136266E-20
  0.1194790242000E+02   0.4170800346130E-20
  0.1225599306000E+02   0.3935942413718E-20
  0.1257202817000E+02   0.3716950111238E-20
  0.1289621263000E+02   0.3523434575069E-20
  0.1322875656000E+02   0.3335063630203E-20
  0.1356987552000E+02   0.3181073673365E-20
  0.1391979063000E+02   0.3041762350879E-20
  0.1427872872000E+02   0.2919602014993E-20
  0.1464692244000E+02   0.2878427061418E-20
  0.1502461047000E+02   0.2839062880783E-20
  0.1541203763000E+02   0.2811319603678E-20
  0.1580945504000E+02   0.2793030428693E-20
  0.1621712034000E+02   0.2775709174158E-20
  0.1663529775000E+02   0.2721272302132E-20
  0.1706425837000E+02   0.2666695739241E-20
  0.1750428023000E+02   0.2608185049256E-20
  0.1795564857000E+02   0.2541211255454E-20
  0.1841865598000E+02   0.2476388302045E-20
  0.1889360257000E+02   0.2391447782019E-20
  0.1938079621000E+02   0.2302187499247E-20
  0.1988055271000E+02   0.2213870169529E-20
  0.2039319602000E+02   0.2118572764476E-20
  0.2091905843000E+02   0.2026375618114E-20
  0.2145848083000E+02   0.1943930953527E-20
  0.2201181286000E+02   0.1869320006843E-20
  0.2257941320000E+02   0.1797187085564E-20
  0.2316164978000E+02   0.1738430511483E-20
  0.2375890002000E+02   0.1681985479566E-20
  0.2437155105000E+02   0.1630041434933E-20
  0.2500000000000E+02   0.1584176745590E-20
  0.3073733534000E+02   0.1153399161226E-20
  0.3779135136000E+02   0.7826556328599E-21
  0.4646421759000E+02   0.5692715657285E-21
  0.5712744950000E+02   0.3630653748875E-21
  0.7023782290000E+02   0.2485339074041E-21
  0.8635694065000E+02   0.1598653532397E-21
  0.1061752898000E+03   0.1021545021159E-21
  0.1305418194000E+03   0.6451019886875E-22
  0.1605003072000E+03   0.4021635588517E-22
  0.1973340706000E+03   0.2486489719026E-22
  0.2426209401000E+03   0.1505504331343E-22
  0.2983008479000E+03   0.8991334343430E-23
  0.3667589278000E+03   0.5343286224973E-23
  0.4509276862000E+03   0.3096846910009E-23
  0.5544126202000E+03   0.1770618961446E-23
  0.6816466650000E+03   0.1034041779552E-23
  0.8380800851000E+03   0.6115754449209E-24
  0.1030413945000E+04   0.3654228250462E-24
  0.1266887158000E+04   0.2211409405364E-24
  0.1557629417000E+04   0.1353475516685E-24
  0.1915095109000E+04   0.8351609725981E-25
  0.2354596824000E+04   0.5220770564198E-25
  0.2894961287000E+04   0.3313686323445E-25
  0.3559335835000E+04   0.2133774701929E-25
  0.4376179966000E+04   0.1388672216806E-25
  0.5380484445000E+04   0.9083164759559E-26
  0.6615270188000E+04   0.5974612882064E-26
  0.8133431126000E+04   0.3942385470967E-26
  0.1000000000000E+05   0.8638064291037E-29
